<?xml version="1.0" encoding="UTF-8"?>
<!-- Generated by org.testng.reporters.JUnitReportReporter -->
<testsuite skipped="0" hostname="SST-LAP-LEN0025" name="TestCases.HotelBookingTest" tests="1" failures="0" timestamp="05 Apr 2018 00:08:35 GMT" time="48.662" errors="0">
  <testcase name="shouldBeAbleToSearchForHotels" time="48.662" classname="TestCases.HotelBookingTest"/>
</testsuite> <!-- TestCases.HotelBookingTest -->
