<?xml version="1.0" encoding="UTF-8"?>
<!-- Generated by org.testng.reporters.JUnitReportReporter -->
<testsuite skipped="0" hostname="SST-LAP-LEN0025" name="TestCases.FlightBookingTest" tests="1" failures="0" timestamp="05 Apr 2018 00:08:35 GMT" time="50.824" errors="0">
  <testcase name="testThatResultsAppearForAOneWayJourney" time="50.824" classname="TestCases.FlightBookingTest"/>
</testsuite> <!-- TestCases.FlightBookingTest -->
